<?xml version="1.0" encoding="UTF-8"?>
<!-- Generated by org.testng.reporters.JUnitReportReporter -->
<testsuite hostname="Mariya-Asus" name="Test.TestLinkedList" tests="2" failures="0" timestamp="26 Mar 2017 23:07:42 GMT" time="0.007" errors="0">
  <testcase name="testAdd" time="0.006" classname="Test.TestLinkedList"/>
  <testcase name="testAdd" time="0.001" classname="Test.TestLinkedList"/>
</testsuite> <!-- Test.TestLinkedList -->
