<?xml version="1.0" encoding="UTF-8"?>
<!-- Generated by org.testng.reporters.JUnitReportReporter -->
<testsuite hostname="Mariya-Asus" name="MyArrayListTest" tests="1" failures="0" timestamp="23 Mar 2017 00:23:09 GMT" time="0.011" errors="0">
  <testcase name="test" time="0.011" classname="MyArrayListTest"/>
</testsuite> <!-- MyArrayListTest -->
